Using pre-set license
Built from '2020.3/staging' branch; Version is '2020.3.28f1 (f5400f52e03f) revision 16072719'; Using compiler version '192528614'; Build Type 'Release'
OS: 'Windows 11  (10.0.22000) 64bit Core' Language: 'pl' Physical Memory: 32618 MB
BatchMode: 1, IsHumanControllingUs: 0, StartBugReporterOnCrash: 0, Is64bit: 1, IsPro: 0

COMMAND LINE ARGUMENTS:
C:\Program Files\Unity\Hub\Editor\2020.3.28f1\Editor\Unity.exe
-adb2
-batchMode
-noUpm
-name
AssetImportWorker0
-projectPath
D:/ProjektZajęciaMonograficzneGrupa3
-logFile
Logs/AssetImportWorker0.log
-srvPort
59052
Successfully changed project path to: D:/ProjektZajęciaMonograficzneGrupa3
D:/ProjektZajęciaMonograficzneGrupa3
Using Asset Import Pipeline V2.
Refreshing native plugins compatible for Editor in 44.67 ms, found 3 plugins.
Preloading 0 native plugins for Editor in 0.00 ms.
Initialize engine version: 2020.3.28f1 (f5400f52e03f)
[Subsystems] Discovering subsystems at path C:/Program Files/Unity/Hub/Editor/2020.3.28f1/Editor/Data/Resources/UnitySubsystems
[Subsystems] Discovering subsystems at path D:/ProjektZajęciaMonograficzneGrupa3/Assets
GfxDevice: creating device client; threaded=0
Direct3D:
    Version:  Direct3D 11.0 [level 11.1]
    Renderer: NVIDIA GeForce RTX 2070 (ID=0x1f10)
    Vendor:   
    VRAM:     8031 MB
    Driver:   30.0.15.1165
Initialize mono
Mono path[0] = 'C:/Program Files/Unity/Hub/Editor/2020.3.28f1/Editor/Data/Managed'
Mono path[1] = 'C:/Program Files/Unity/Hub/Editor/2020.3.28f1/Editor/Data/MonoBleedingEdge/lib/mono/unityjit'
Mono config path = 'C:/Program Files/Unity/Hub/Editor/2020.3.28f1/Editor/Data/MonoBleedingEdge/etc'
Using monoOptions --debugger-agent=transport=dt_socket,embedding=1,server=y,suspend=n,address=127.0.0.1:56560
Begin MonoManager ReloadAssembly
Registering precompiled unity dll's ...
Register platform support module: C:/Program Files/Unity/Hub/Editor/2020.3.28f1/Editor/Data/PlaybackEngines/WindowsStandaloneSupport/UnityEditor.WindowsStandalone.Extensions.dll
Registered in 0.001204 seconds.
Native extension for WindowsStandalone target not found
Refreshing native plugins compatible for Editor in 46.66 ms, found 3 plugins.
Preloading 0 native plugins for Editor in 0.00 ms.
Mono: successfully reloaded assembly
- Completed reload, in  0.588 seconds
Domain Reload Profiling:
	ReloadAssembly (588ms)
		BeginReloadAssembly (59ms)
			ExecutionOrderSort (0ms)
			DisableScriptedObjects (0ms)
			BackupInstance (0ms)
			ReleaseScriptingObjects (0ms)
			CreateAndSetChildDomain (1ms)
		EndReloadAssembly (462ms)
			LoadAssemblies (56ms)
			RebuildTransferFunctionScriptingTraits (0ms)
			SetupTypeCache (151ms)
			ReleaseScriptCaches (0ms)
			RebuildScriptCaches (31ms)
			SetupLoadedEditorAssemblies (184ms)
				LogAssemblyErrors (0ms)
				InitializePlatformSupportModulesInManaged (4ms)
				SetLoadedEditorAssemblies (0ms)
				RefreshPlugins (47ms)
				BeforeProcessingInitializeOnLoad (19ms)
				ProcessInitializeOnLoadAttributes (85ms)
				ProcessInitializeOnLoadMethodAttributes (28ms)
				AfterProcessingInitializeOnLoad (0ms)
				EditorAssembliesLoaded (0ms)
			ExecutionOrderSort2 (0ms)
			AwakeInstancesAfterBackupRestoration (0ms)
Platform modules already initialized, skipping
Registering precompiled user dll's ...
Registered in 0.003222 seconds.
Begin MonoManager ReloadAssembly
Native extension for WindowsStandalone target not found
Refreshing native plugins compatible for Editor in 55.91 ms, found 3 plugins.
Preloading 0 native plugins for Editor in 0.00 ms.
Mono: successfully reloaded assembly
- Completed reload, in  1.200 seconds
Domain Reload Profiling:
	ReloadAssembly (1201ms)
		BeginReloadAssembly (135ms)
			ExecutionOrderSort (0ms)
			DisableScriptedObjects (5ms)
			BackupInstance (0ms)
			ReleaseScriptingObjects (0ms)
			CreateAndSetChildDomain (17ms)
		EndReloadAssembly (1009ms)
			LoadAssemblies (90ms)
			RebuildTransferFunctionScriptingTraits (0ms)
			SetupTypeCache (306ms)
			ReleaseScriptCaches (0ms)
			RebuildScriptCaches (48ms)
			SetupLoadedEditorAssemblies (431ms)
				LogAssemblyErrors (0ms)
				InitializePlatformSupportModulesInManaged (5ms)
				SetLoadedEditorAssemblies (0ms)
				RefreshPlugins (56ms)
				BeforeProcessingInitializeOnLoad (92ms)
				ProcessInitializeOnLoadAttributes (253ms)
				ProcessInitializeOnLoadMethodAttributes (20ms)
				AfterProcessingInitializeOnLoad (5ms)
				EditorAssembliesLoaded (0ms)
			ExecutionOrderSort2 (0ms)
			AwakeInstancesAfterBackupRestoration (6ms)
Platform modules already initialized, skipping
========================================================================
Worker process is ready to serve import requests
Launched and connected shader compiler UnityShaderCompiler.exe after 0.06 seconds
Refreshing native plugins compatible for Editor in 0.57 ms, found 3 plugins.
Preloading 0 native plugins for Editor in 0.00 ms.
Unloading 2201 Unused Serialized files (Serialized files now loaded: 0)
System memory in use before: 95.9 MB.
System memory in use after: 96.0 MB.

Unloading 28 unused Assets to reduce memory usage. Loaded Objects now: 2634.
Total: 3.496700 ms (FindLiveObjects: 0.153900 ms CreateObjectMapping: 0.094800 ms MarkObjects: 3.180300 ms  DeleteObjects: 0.066300 ms)

AssetImportParameters requested are different than current active one (requested -> active):
  custom:framework-win-MediaFoundation: 216162199b28c13a410421893ffa2e32 -> 
  custom:video-decoder-ogg-theora: a1e56fd34408186e4bbccfd4996cb3dc -> 
  custom:container-muxer-webm: aa71ff27fc2769a1b78a27578f13a17b -> 
  custom:container-demuxer-webm: 4f35f7cbe854078d1ac9338744f61a02 -> 
  custom:container-demuxer-ogg: 62fdf1f143b41e24485cea50d1cbac27 -> 
  custom:video-encoder-webm-vp8: eb34c28f22e8b96e1ab97ce403110664 -> 
  custom:video-codec-MediaFoundation-h265: 746d11721c4dcdbdad8f713fa42b33f4 -> 
  custom:video-decoder-webm-vp8: 9c59270c3fd7afecdb556c50c9e8de78 -> 
  custom:audio-decoder-ogg-vorbis: bf7c407c2cedff20999df2af8eb42d56 -> 
  custom:audio-encoder-webm-vorbis: bf7c407c2cedff20999df2af8eb42d56 -> 
========================================================================
Received Import Request.
  path: Assets/Assets/assets 2.png
  artifactKey: Guid(4ba74315dd8e24a40be9473796415e01) Importer(815301076,1909f56bfc062723c751e8b465ee728b)
Start importing Assets/Assets/assets 2.png using Guid(4ba74315dd8e24a40be9473796415e01) Importer(815301076,1909f56bfc062723c751e8b465ee728b)  -> (artifact id: 'fa16fd690320512ce826ae289b3faad2') in 0.137803 seconds 
  Import took 0.141455 seconds .

========================================================================
Received Import Request.
  Time since last request: 6.844650 seconds.
  path: Assets/Assets/Animations
  artifactKey: Guid(bfc2000909c843f4582049723901b795) Importer(815301076,1909f56bfc062723c751e8b465ee728b)
Start importing Assets/Assets/Animations using Guid(bfc2000909c843f4582049723901b795) Importer(815301076,1909f56bfc062723c751e8b465ee728b)  -> (artifact id: '3687c7e6a406c86facd0ba2d061c4a1c') in 0.010400 seconds 
  Import took 0.013969 seconds .

========================================================================
Received Import Request.
  Time since last request: 1.796595 seconds.
  path: Assets/Assets/Animations/PlatformFalling.anim
  artifactKey: Guid(ab39e3af3aef6a44992f0eca9efea59a) Importer(815301076,1909f56bfc062723c751e8b465ee728b)
Start importing Assets/Assets/Animations/PlatformFalling.anim using Guid(ab39e3af3aef6a44992f0eca9efea59a) Importer(815301076,1909f56bfc062723c751e8b465ee728b)  -> (artifact id: '85989fbdad54f0bf897f13cbce665913') in 0.007113 seconds 
  Import took 0.011338 seconds .

========================================================================
Received Import Request.
  Time since last request: 20.782374 seconds.
  path: Assets/Prefabs/PlatformFalling.prefab
  artifactKey: Guid(1479f77f945b08c41878e74f88fabdaa) Importer(815301076,1909f56bfc062723c751e8b465ee728b)
Start importing Assets/Prefabs/PlatformFalling.prefab using Guid(1479f77f945b08c41878e74f88fabdaa) Importer(815301076,1909f56bfc062723c751e8b465ee728b)  -> (artifact id: '94afceead4c57753d07ca7b8c0f821ef') in 0.041975 seconds 
  Import took 0.047232 seconds .

========================================================================
Received Import Request.
  Time since last request: 0.000221 seconds.
  path: Assets/Prefabs/PlatformMoving.prefab
  artifactKey: Guid(acb057be3ffc5f24f809b9905af2b6fa) Importer(815301076,1909f56bfc062723c751e8b465ee728b)
Start importing Assets/Prefabs/PlatformMoving.prefab using Guid(acb057be3ffc5f24f809b9905af2b6fa) Importer(815301076,1909f56bfc062723c751e8b465ee728b)  -> (artifact id: '2fff6cab2bae3d71ff1802f00fa30db5') in 0.021923 seconds 
  Import took 0.029187 seconds .

========================================================================
Received Import Request.
  Time since last request: 0.000167 seconds.
  path: Assets/Prefabs/PlatformNormal.prefab
  artifactKey: Guid(a70016b1602ccde468287e5fee51cd65) Importer(815301076,1909f56bfc062723c751e8b465ee728b)
Start importing Assets/Prefabs/PlatformNormal.prefab using Guid(a70016b1602ccde468287e5fee51cd65) Importer(815301076,1909f56bfc062723c751e8b465ee728b)  -> (artifact id: '2a5a6b8e5ebd0ca215b8649c19efc159') in 0.027220 seconds 
  Import took 0.032142 seconds .

========================================================================
Received Import Request.
  Time since last request: 15.083653 seconds.
  path: Assets/Scripts/PlatformFalling.cs
  artifactKey: Guid(f53e35eb6fc01994d8805614fa27dd33) Importer(815301076,1909f56bfc062723c751e8b465ee728b)
Start importing Assets/Scripts/PlatformFalling.cs using Guid(f53e35eb6fc01994d8805614fa27dd33) Importer(815301076,1909f56bfc062723c751e8b465ee728b)  -> (artifact id: '0a0dbe3935cbbb8531eeb1e3619bc669') in 0.017451 seconds 
  Import took 0.090194 seconds .

========================================================================
Received Import Request.
  Time since last request: 30.247372 seconds.
  path: Assets/Scripts/PlatformMoving.cs
  artifactKey: Guid(c018942cbd4a97649a0e225c0dfcb73f) Importer(815301076,1909f56bfc062723c751e8b465ee728b)
Start importing Assets/Scripts/PlatformMoving.cs using Guid(c018942cbd4a97649a0e225c0dfcb73f) Importer(815301076,1909f56bfc062723c751e8b465ee728b)  -> (artifact id: '870759d4250388e81ebb251319c32fee') in 0.003788 seconds 
  Import took 0.025785 seconds .

========================================================================
Received Import Request.
  Time since last request: 0.766402 seconds.
  path: Assets/Scripts/PlayerController.cs
  artifactKey: Guid(4431ac9fb3b23574384575776d0cc196) Importer(815301076,1909f56bfc062723c751e8b465ee728b)
Start importing Assets/Scripts/PlayerController.cs using Guid(4431ac9fb3b23574384575776d0cc196) Importer(815301076,1909f56bfc062723c751e8b465ee728b)  -> (artifact id: '1cd13fb2ab0f389c8c20a8dd66a26bfd') in 0.010915 seconds 
  Import took 0.203878 seconds .

========================================================================
Received Import Request.
  Time since last request: 95.060890 seconds.
  path: Assets/Scripts/CameraFollow.cs
  artifactKey: Guid(7184ef6195708f342b916baace7ea610) Importer(815301076,1909f56bfc062723c751e8b465ee728b)
Start importing Assets/Scripts/CameraFollow.cs using Guid(7184ef6195708f342b916baace7ea610) Importer(815301076,1909f56bfc062723c751e8b465ee728b)  -> (artifact id: '664c5d6f0f1e3c8bb6c8b17858598ab5') in 0.009123 seconds 
  Import took 0.014878 seconds .

========================================================================
Received Import Request.
  Time since last request: 22.308528 seconds.
  path: Assets/Assets/Animations/PlatformMoving.controller
  artifactKey: Guid(ef46cc997ef99c24f8842e848d132381) Importer(815301076,1909f56bfc062723c751e8b465ee728b)
Start importing Assets/Assets/Animations/PlatformMoving.controller using Guid(ef46cc997ef99c24f8842e848d132381) Importer(815301076,1909f56bfc062723c751e8b465ee728b)  -> (artifact id: 'bd20ec3d0633834bd7c00b4eeb56fafe') in 0.011226 seconds 
  Import took 0.016018 seconds .

AssetImportWorkerClient::OnTransportError - code=2 error=End of file
